Started at mer. sept. 09 16:52:39 CEST 2020
Processing Demo
Offering Demo to Project Build Discarder
Finished at mer. sept. 09 16:52:39 CEST 2020. 22ms
Started at mer. sept. 09 17:52:39 CEST 2020
Processing Demo
Offering Demo to Project Build Discarder
Finished at mer. sept. 09 17:52:39 CEST 2020. 8ms
Started at mer. sept. 09 23:42:31 CEST 2020
Processing Demo
Offering Demo to Project Build Discarder
Finished at mer. sept. 09 23:42:31 CEST 2020. 1ms
Started at jeu. sept. 10 00:12:50 CEST 2020
Processing Demo
Offering Demo to Project Build Discarder
Finished at jeu. sept. 10 00:12:56 CEST 2020. 5647ms
Started at jeu. sept. 10 09:10:53 CEST 2020
Processing Demo
Offering Demo to Project Build Discarder
Finished at jeu. sept. 10 09:10:53 CEST 2020. 210ms
Started at jeu. sept. 10 09:52:28 CEST 2020
Processing Demo
Offering Demo to Project Build Discarder
Finished at jeu. sept. 10 09:52:28 CEST 2020. 11ms
Started at jeu. sept. 10 10:52:28 CEST 2020
Processing Demo
Offering Demo to Project Build Discarder
Finished at jeu. sept. 10 10:52:28 CEST 2020. 4ms
